<?xml version="1.0" encoding="UTF-8"?>
<testsuite xmlns:xsi="http://www.w3.org/2001/XMLSchema-instance" xsi:schemaLocation="https://maven.apache.org/surefire/maven-surefire-plugin/xsd/surefire-test-report.xsd" name="TestSuite" time="709.731" tests="1" errors="0" skipped="0" failures="1">
  <properties>
[...]
</properties>
  <testcase name="test1" classname="trivia.recordFinal" time="709.364">
    <failure message="Unable to create new remote session. desired capabilities = Capabilities [{app=/Users/vgoyal/Documents/QA-Work/swoo-qa-tools/recordingTrivia/resources/prod_swoo.apk, appWaitActivity=com.kryptolabs.android.speakerswire.ui.SplashActivity,com.kryptolabs.android.speakerswire.ui.*.*, platformName=Android, deviceName=emulator-5554}], required capabilities = Capabilities [{}]&#10;Build info: version: &apos;3.0.1&apos;, revision: &apos;1969d75&apos;, time: &apos;2016-10-18 09:49:13 -0700&apos;&#10;System info: host: &apos;adfgs-MBP&apos;, ip: &apos;192.168.1.126&apos;, os.name: &apos;Mac OS X&apos;, os.arch: &apos;x86_64&apos;, os.version: &apos;10.13.5&apos;, java.version: &apos;1.8.0_172&apos;&#10;Driver info: driver.version: AndroidDriver" type="org.openqa.selenium.SessionNotCreatedException">org.openqa.selenium.SessionNotCreatedException: 
Unable to create new remote session. desired capabilities = Capabilities [{app=/Users/vgoyal/Documents/QA-Work/swoo-qa-tools/recordingTrivia/resources/prod_swoo.apk, appWaitActivity=com.kryptolabs.android.speakerswire.ui.SplashActivity,com.kryptolabs.android.speakerswire.ui.*.*, platformName=Android, deviceName=emulator-5554}], required capabilities = Capabilities [{}]
Build info: version: '3.0.1', revision: '1969d75', time: '2016-10-18 09:49:13 -0700'
System info: host: 'adfgs-MBP', ip: '192.168.1.126', os.name: 'Mac OS X', os.arch: 'x86_64', os.version: '10.13.5', java.version: '1.8.0_172'
Driver info: driver.version: AndroidDriver
	at trivia.recordFinal.test1(recordFinal.java:77)
</failure>
    <system-out><![CDATA[[TestNGContentHandler] [WARN] It is strongly recommended to add "<!DOCTYPE suite SYSTEM "http://testng.org/testng-1.0.dtd" >" at the top of your file, otherwise TestNG may fail or not work as expected.
]]></system-out>
    <system-err><![CDATA[Jul 13, 2018 2:20:54 PM org.openqa.selenium.remote.ProtocolHandshake createSession
INFO: Attempting bi-dialect session, assuming Postel's Law holds true on the remote end
log4j:WARN No appenders could be found for logger (org.apache.http.client.protocol.RequestAddCookies).
log4j:WARN Please initialize the log4j system properly.
log4j:WARN See http://logging.apache.org/log4j/1.2/faq.html#noconfig for more info.
Jul 13, 2018 2:22:07 PM org.openqa.selenium.remote.ProtocolHandshake createSession
INFO: Falling back to original OSS JSON Wire Protocol.
Jul 13, 2018 2:32:42 PM org.openqa.selenium.remote.ProtocolHandshake createSession
INFO: Falling back to straight W3C remote end connection
]]></system-err>
  </testcase>
</testsuite>